2025.05.13 23:09:49 [INFO] [_2014.06: Vaduvos stovykla] 2037_02_03-01_36_34.jpg (photo)
2025.05.13 23:09:49 [INFO] [_2014.06: Vaduvos stovykla] 2037_02_03-01_36_34.jpg (photo)
2025.05.13 23:10:19 [INFO] [_2020.07.11: Laplandija] IMG_20200711_104922.jpg (photo)
2025.05.13 23:10:19 [INFO] [_2020.07.11: Laplandija] IMG_20200711_104922.jpg (photo)
2025.05.13 23:10:49 [INFO] [_2020.07.11: Laplandija] IMG_20200711_104927.jpg (photo)
2025.05.13 23:10:49 [INFO] [_2020.07.11: Laplandija] IMG_20200711_104927.jpg (photo)
2025.05.13 23:11:19 [INFO] [_2020.07.11: Laplandija] IMG_20200711_172328.jpg (photo)
2025.05.13 23:11:19 [INFO] [_2020.07.11: Laplandija] IMG_20200711_172328.jpg (photo)
2025.05.13 23:11:49 [INFO] [_2020.07.11: Laplandija] IMG_20200711_172446.jpg (photo)
2025.05.13 23:11:49 [INFO] [_2020.07.11: Laplandija] IMG_20200711_172446.jpg (photo)
2025.05.13 23:12:19 [INFO] [_2020.07.11: Laplandija] IMG_20200711_172803.jpg (photo)
2025.05.13 23:12:19 [INFO] [_2020.07.11: Laplandija] IMG_20200711_172803.jpg (photo)
2025.05.13 23:14:18 [INFO] [_2006.08.12: Ralio Vartai] 2006_08_12-16_59_43.jpg (photo)
2025.05.13 23:14:18 [INFO] [_2006.08.12: Ralio Vartai] 2006_08_12-16_59_43.jpg (photo)
2025.05.13 23:14:48 [INFO] [_2006.08.12: Ralio Vartai] 2006_08_12-17_00_24.jpg (photo)
2025.05.13 23:14:48 [INFO] [_2006.08.12: Ralio Vartai] 2006_08_12-17_00_24.jpg (photo)
2025.05.13 23:15:18 [INFO] [_2006.08.12: Ralio Vartai] Picture 029.avi (video)
2025.05.13 23:15:18 [INFO] [_2006.08.12: Ralio Vartai] Picture 029.avi (video)
2025.05.13 23:15:48 [INFO] [_2006.08.12: Ralio Vartai] 2006_08_12-17_41_44.jpg (photo)
2025.05.13 23:15:48 [INFO] [_2006.08.12: Ralio Vartai] 2006_08_12-17_41_44.jpg (photo)
2025.05.13 23:16:18 [INFO] [_2006.08.12: Ralio Vartai] 2006_08_12-17_42_16.jpg (photo)
2025.05.13 23:16:18 [INFO] [_2006.08.12: Ralio Vartai] 2006_08_12-17_42_16.jpg (photo)
2025.05.13 23:20:42 [INFO] [2023.11.03 Žiemupė] 2023_11_02_9999_254_1.jpg (photo)
2025.05.13 23:20:42 [INFO] [2023.11.03 Žiemupė] 2023_11_02_9999_254_1.jpg (photo)
2025.05.13 23:21:12 [INFO] [2023.11.03 Žiemupė] 2023_11_02_9999_254.JPG (photo)
2025.05.13 23:21:12 [INFO] [2023.11.03 Žiemupė] 2023_11_02_9999_254.JPG (photo)
2025.05.13 23:21:42 [INFO] [2023.11.03 Žiemupė] 2023_11_02_9999_255.JPG (photo)
2025.05.13 23:21:42 [INFO] [2023.11.03 Žiemupė] 2023_11_02_9999_255.JPG (photo)
2025.05.13 23:22:12 [INFO] [2023.11.03 Žiemupė] 2023_11_02_9999_256.JPG (photo)
2025.05.13 23:22:12 [INFO] [2023.11.03 Žiemupė] 2023_11_02_9999_256.JPG (photo)
2025.05.13 23:22:42 [INFO] [2023.11.03 Žiemupė] 2023_11_02_9999_257.JPG (photo)
2025.05.13 23:22:42 [INFO] [2023.11.03 Žiemupė] 2023_11_02_9999_257.JPG (photo)
2025.05.13 23:30:38 [INFO] [_2003.05.10: Kaline su žemaičiu ir Kišūnu] 2003-05-10 18-45-44.JPG (photo)
2025.05.13 23:30:38 [INFO] [_2003.05.10: Kaline su žemaičiu ir Kišūnu] 2003-05-10 18-45-44.JPG (photo)
2025.05.13 23:30:54 [INFO] [_2016.06.11: Telia] DSC_0282.JPG (photo)
2025.05.13 23:30:54 [INFO] [_2016.06.11: Telia] DSC_0282.JPG (photo)
2025.05.13 23:31:24 [INFO] [_2016.06.11: Telia] DSC_0283.JPG (photo)
2025.05.13 23:31:24 [INFO] [_2016.06.11: Telia] DSC_0283.JPG (photo)
2025.05.13 23:32:25 [INFO] [_2006.03.11: Dainos krikštynos] 2006.03.11 17-59-19_0068.JPG (photo)
2025.05.13 23:32:25 [INFO] [_2006.03.11: Dainos krikštynos] 2006.03.11 17-59-19_0068.JPG (photo)
2025.05.13 23:32:55 [INFO] [_2006.03.11: Dainos krikštynos] 2006.03.11 17-59-51_0069.JPG (photo)
2025.05.13 23:32:55 [INFO] [_2006.03.11: Dainos krikštynos] 2006.03.11 17-59-51_0069.JPG (photo)
2025.05.13 23:33:25 [INFO] [_2006.03.11: Dainos krikštynos] 2006.03.11 18-00-00_0070.jpg (photo)
2025.05.13 23:33:25 [INFO] [_2006.03.11: Dainos krikštynos] 2006.03.11 18-00-00_0070.jpg (photo)
2025.05.13 23:33:55 [INFO] [_2006.03.11: Dainos krikštynos] 2006.03.11 18-00-13_0071.jpg (photo)
2025.05.13 23:33:55 [INFO] [_2006.03.11: Dainos krikštynos] 2006.03.11 18-00-13_0071.jpg (photo)
2025.05.13 23:34:25 [INFO] [_2006.03.11: Dainos krikštynos] 2006.03.11 18-00-20_0072.jpg (photo)
2025.05.13 23:34:25 [INFO] [_2006.03.11: Dainos krikštynos] 2006.03.11 18-00-20_0072.jpg (photo)
2025.05.14 18:59:18 [INFO] [_2006.10.22: inf05 sesija] dscn5386.jpg (photo)
2025.05.14 18:59:18 [INFO] [_2006.10.22: inf05 sesija] dscn5386.jpg (photo)
2025.05.14 18:59:48 [INFO] [_2006.10.22: inf05 sesija] dscn5387.jpg (photo)
2025.05.14 18:59:48 [INFO] [_2006.10.22: inf05 sesija] dscn5387.jpg (photo)
2025.05.14 19:00:18 [INFO] [_2006.10.22: inf05 sesija] dscn5389.jpg (photo)
2025.05.14 19:00:18 [INFO] [_2006.10.22: inf05 sesija] dscn5389.jpg (photo)
2025.05.14 19:00:48 [INFO] [_2006.10.22: inf05 sesija] dscn5391.jpg (photo)
2025.05.14 19:00:48 [INFO] [_2006.10.22: inf05 sesija] dscn5391.jpg (photo)
2025.05.14 19:01:18 [INFO] [_2006.10.22: inf05 sesija] dscn5392.jpg (photo)
2025.05.14 19:01:18 [INFO] [_2006.10.22: inf05 sesija] dscn5392.jpg (photo)
2025.05.14 19:52:10 [INFO] [_2005.01.17: inf05 sesija] 100_1537.jpg (photo)
2025.05.14 19:52:10 [INFO] [_2005.01.17: inf05 sesija] 100_1537.jpg (photo)
2025.05.14 19:52:40 [INFO] [_2005.01.17: inf05 sesija] 100_1538.jpg (photo)
2025.05.14 19:52:40 [INFO] [_2005.01.17: inf05 sesija] 100_1538.jpg (photo)
2025.05.14 19:53:10 [INFO] [_2005.01.17: inf05 sesija] 100_1541.jpg (photo)
2025.05.14 19:53:10 [INFO] [_2005.01.17: inf05 sesija] 100_1541.jpg (photo)
2025.05.14 19:53:40 [INFO] [_2005.01.17: inf05 sesija] 100_1542.jpg (photo)
2025.05.14 19:53:40 [INFO] [_2005.01.17: inf05 sesija] 100_1542.jpg (photo)
2025.05.14 19:54:10 [INFO] [_2005.01.17: inf05 sesija] 100_1543.jpg (photo)
2025.05.14 19:54:10 [INFO] [_2005.01.17: inf05 sesija] 100_1543.jpg (photo)
2025.05.14 20:16:27 [INFO] [_2013.01: Žiema] 2013_05_31-19_58_20.jpg (photo)
2025.05.14 20:16:27 [INFO] [_2013.01: Žiema] 2013_05_31-19_58_20.jpg (photo)
2025.05.14 20:16:57 [INFO] [_2013.01: Žiema] 2013_05_31-19_58_34.jpg (photo)
2025.05.14 20:16:57 [INFO] [_2013.01: Žiema] 2013_05_31-19_58_34.jpg (photo)
2025.05.14 20:17:27 [INFO] [_2013.01: Žiema] 2013_05_31-21_57_04.jpg (photo)
2025.05.14 20:17:27 [INFO] [_2013.01: Žiema] 2013_05_31-21_57_04.jpg (photo)
2025.05.14 20:17:57 [INFO] [_2013.01: Žiema] 2013_05_31-19_59_43.jpg (photo)
2025.05.14 20:17:57 [INFO] [_2013.01: Žiema] 2013_05_31-19_59_43.jpg (photo)
2025.05.14 20:18:27 [INFO] [_2013.01: Žiema] 2013_05_31-19_59_51.jpg (photo)
2025.05.14 20:18:27 [INFO] [_2013.01: Žiema] 2013_05_31-19_59_51.jpg (photo)
2025.05.14 20:19:55 [INFO] [_2016.04.23: Spartanikos talka] IMG_5794.JPG (photo)
2025.05.14 20:19:55 [INFO] [_2016.04.23: Spartanikos talka] IMG_5794.JPG (photo)
2025.05.14 20:20:25 [INFO] [_2016.04.23: Spartanikos talka] IMG_5795.JPG (photo)
2025.05.14 20:20:25 [INFO] [_2016.04.23: Spartanikos talka] IMG_5795.JPG (photo)
2025.05.14 20:20:55 [INFO] [_2016.04.23: Spartanikos talka] IMG_5796.JPG (photo)
2025.05.14 20:20:55 [INFO] [_2016.04.23: Spartanikos talka] IMG_5796.JPG (photo)
2025.05.14 20:21:25 [INFO] [_2016.04.23: Spartanikos talka] IMG_5797.JPG (photo)
2025.05.14 20:21:25 [INFO] [_2016.04.23: Spartanikos talka] IMG_5797.JPG (photo)
2025.05.14 20:21:55 [INFO] [_2016.04.23: Spartanikos talka] IMG_5798.JPG (photo)
2025.05.14 20:21:55 [INFO] [_2016.04.23: Spartanikos talka] IMG_5798.JPG (photo)
2025.05.14 20:23:07 [INFO] [_2000.06: Butas justuose. Pagėgiai] 0X010310.jpg (photo)
2025.05.14 20:23:07 [INFO] [_2000.06: Butas justuose. Pagėgiai] 0X010310.jpg (photo)
2025.05.14 20:23:38 [INFO] [_2000.06: Butas justuose. Pagėgiai] 0X010311.jpg (photo)
2025.05.14 20:23:38 [INFO] [_2000.06: Butas justuose. Pagėgiai] 0X010311.jpg (photo)
2025.05.14 20:24:08 [INFO] [_2000.06: Butas justuose. Pagėgiai] 0X010312.jpg (photo)
2025.05.14 20:24:08 [INFO] [_2000.06: Butas justuose. Pagėgiai] 0X010312.jpg (photo)
2025.05.14 20:25:18 [INFO] [_2022.03.30: Komandiruotė į Italiją] 2022_04_01_9999_11.JPG (photo)
2025.05.14 20:25:18 [INFO] [_2022.03.30: Komandiruotė į Italiją] 2022_04_01_9999_11.JPG (photo)
2025.05.14 20:25:48 [INFO] [_2022.03.30: Komandiruotė į Italiją] 2022_04_01_9999_12.JPG (photo)
2025.05.14 20:25:48 [INFO] [_2022.03.30: Komandiruotė į Italiją] 2022_04_01_9999_12.JPG (photo)
2025.05.14 20:26:18 [INFO] [_2022.03.30: Komandiruotė į Italiją] 2022_04_01_9999_13.JPG (photo)
2025.05.14 20:26:18 [INFO] [_2022.03.30: Komandiruotė į Italiją] 2022_04_01_9999_13.JPG (photo)
2025.05.14 20:26:48 [INFO] [_2022.03.30: Komandiruotė į Italiją] 2022_04_01_9999_14.JPG (photo)
2025.05.14 20:26:48 [INFO] [_2022.03.30: Komandiruotė į Italiją] 2022_04_01_9999_14.JPG (photo)
2025.05.14 20:27:18 [INFO] [_2022.03.30: Komandiruotė į Italiją] 2022_04_01_9999_15.JPG (photo)
2025.05.14 20:27:18 [INFO] [_2022.03.30: Komandiruotė į Italiją] 2022_04_01_9999_15.JPG (photo)
2025.05.14 20:38:06 [INFO] [2022.11.03 Stella, Latvija, Žiemupė] IMG_20221102_081845.jpg (photo)
2025.05.14 20:38:06 [INFO] [2022.11.03 Stella, Latvija, Žiemupė] IMG_20221102_081845.jpg (photo)
2025.05.14 20:38:36 [INFO] [2022.11.03 Stella, Latvija, Žiemupė] IMG_20221102_085020.jpg (photo)
2025.05.14 20:38:36 [INFO] [2022.11.03 Stella, Latvija, Žiemupė] IMG_20221102_085020.jpg (photo)
2025.05.14 20:39:06 [INFO] [2022.11.03 Stella, Latvija, Žiemupė] IMG_20221102_085022.jpg (photo)
2025.05.14 20:39:06 [INFO] [2022.11.03 Stella, Latvija, Žiemupė] IMG_20221102_085022.jpg (photo)
2025.05.14 20:39:36 [INFO] [2022.11.03 Stella, Latvija, Žiemupė] IMG_20221102_085028.jpg (photo)
2025.05.14 20:39:36 [INFO] [2022.11.03 Stella, Latvija, Žiemupė] IMG_20221102_085028.jpg (photo)
2025.05.14 20:40:06 [INFO] [2022.11.03 Stella, Latvija, Žiemupė] IMG_20221102_085744.jpg (photo)
2025.05.14 20:40:06 [INFO] [2022.11.03 Stella, Latvija, Žiemupė] IMG_20221102_085744.jpg (photo)
2025.05.14 20:44:33 [INFO] [_2010.07.19: Gruto parke] 00024.MTS (video)
2025.05.14 20:44:33 [INFO] [_2010.07.19: Gruto parke] 00024.MTS (video)
2025.05.14 20:45:03 [INFO] [_2010.07.19: Gruto parke] 00025.MTS (video)
2025.05.14 20:45:03 [INFO] [_2010.07.19: Gruto parke] 00025.MTS (video)
2025.05.14 20:45:33 [INFO] [_2010.07.19: Gruto parke] 00026.MTS (video)
2025.05.14 20:45:33 [INFO] [_2010.07.19: Gruto parke] 00026.MTS (video)
2025.05.14 20:46:03 [INFO] [_2010.07.19: Gruto parke] 00027.MTS (video)
2025.05.14 20:46:03 [INFO] [_2010.07.19: Gruto parke] 00027.MTS (video)
2025.05.14 20:46:33 [INFO] [_2010.07.19: Gruto parke] 00028.MTS (video)
2025.05.14 20:46:33 [INFO] [_2010.07.19: Gruto parke] 00028.MTS (video)
2025.05.14 20:55:39 [INFO] [_2017: Petro telefas] DSC_0071.JPG (photo)
2025.05.14 20:55:39 [INFO] [_2017: Petro telefas] DSC_0071.JPG (photo)
2025.05.14 20:56:09 [INFO] [_2017: Petro telefas] DSC_0072_2.JPG (photo)
2025.05.14 20:56:09 [INFO] [_2017: Petro telefas] DSC_0072_2.JPG (photo)
2025.05.14 20:56:39 [INFO] [_2017: Petro telefas] DSC_0073_2.JPG (photo)
2025.05.14 20:56:39 [INFO] [_2017: Petro telefas] DSC_0073_2.JPG (photo)
2025.05.14 20:57:09 [INFO] [_2017: Petro telefas] DSC_0073.JPG (photo)
2025.05.14 20:57:09 [INFO] [_2017: Petro telefas] DSC_0073.JPG (photo)
2025.05.14 20:57:39 [INFO] [_2017: Petro telefas] DSC_0074_2.JPG (photo)
2025.05.14 20:57:39 [INFO] [_2017: Petro telefas] DSC_0074_2.JPG (photo)
2025.05.14 20:59:46 [INFO] [_2016.06.15: Karate] IMG_7729.JPG (photo)
2025.05.14 20:59:46 [INFO] [_2016.06.15: Karate] IMG_7729.JPG (photo)
2025.05.14 21:00:16 [INFO] [_2016.06.15: Karate] IMG_7730.JPG (photo)
2025.05.14 21:00:16 [INFO] [_2016.06.15: Karate] IMG_7730.JPG (photo)
2025.05.14 21:00:46 [INFO] [_2016.06.15: Karate] IMG_7731.JPG (photo)
2025.05.14 21:00:46 [INFO] [_2016.06.15: Karate] IMG_7731.JPG (photo)
2025.05.14 21:01:16 [INFO] [_2016.06.15: Karate] IMG_7732.JPG (photo)
2025.05.14 21:01:16 [INFO] [_2016.06.15: Karate] IMG_7732.JPG (photo)
2025.05.14 21:01:46 [INFO] [_2016.06.15: Karate] IMG_7733.JPG (photo)
2025.05.14 21:01:46 [INFO] [_2016.06.15: Karate] IMG_7733.JPG (photo)
2025.05.14 21:11:12 [INFO] [_2013.03: Pavasaris] 2013_05_02-15_27_05.jpg (photo)
2025.05.14 21:11:12 [INFO] [_2013.03: Pavasaris] 2013_05_02-15_27_05.jpg (photo)
2025.05.14 21:11:42 [INFO] [_2013.03: Pavasaris] 2013_05_02-15_27_18.jpg (photo)
2025.05.14 21:11:42 [INFO] [_2013.03: Pavasaris] 2013_05_02-15_27_18.jpg (photo)
2025.05.14 21:12:15 [INFO] [_2013.03: Pavasaris] 2013_05_02-15_27_22.jpg (photo)
2025.05.14 21:12:15 [INFO] [_2013.03: Pavasaris] 2013_05_02-15_27_22.jpg (photo)
2025.05.14 21:12:45 [INFO] [_2013.03: Pavasaris] 2013_05_02-15_27_25.jpg (photo)
2025.05.14 21:12:45 [INFO] [_2013.03: Pavasaris] 2013_05_02-15_27_25.jpg (photo)
2025.05.14 21:13:15 [INFO] [_2013.03: Pavasaris] 2013_05_02-15_27_38.jpg (photo)
2025.05.14 21:13:15 [INFO] [_2013.03: Pavasaris] 2013_05_02-15_27_38.jpg (photo)
2025.05.14 21:23:59 [INFO] [_2006.05.01: Velykų maratonas] 2006.05.07 12-33-11_0014.JPG (photo)
2025.05.14 21:23:59 [INFO] [_2006.05.01: Velykų maratonas] 2006.05.07 12-33-11_0014.JPG (photo)
2025.05.14 21:24:29 [INFO] [_2006.05.01: Velykų maratonas] 2006.05.07 12-33-22_0015.JPG (photo)
2025.05.14 21:24:29 [INFO] [_2006.05.01: Velykų maratonas] 2006.05.07 12-33-22_0015.JPG (photo)
2025.05.14 21:24:59 [INFO] [_2006.05.01: Velykų maratonas] 2006.05.07 12-33-37_0016.JPG (photo)
2025.05.14 21:24:59 [INFO] [_2006.05.01: Velykų maratonas] 2006.05.07 12-33-37_0016.JPG (photo)
2025.05.14 21:25:29 [INFO] [_2006.05.01: Velykų maratonas] 2006.05.07 12-33-44_0017.JPG (photo)
2025.05.14 21:25:29 [INFO] [_2006.05.01: Velykų maratonas] 2006.05.07 12-33-44_0017.JPG (photo)
2025.05.14 21:25:59 [INFO] [_2006.05.01: Velykų maratonas] 2006.05.07 12-33-51_0018.JPG (photo)
2025.05.14 21:25:59 [INFO] [_2006.05.01: Velykų maratonas] 2006.05.07 12-33-51_0018.JPG (photo)
